<?xml version="1.0" encoding="UTF-8"?>
<!-- Generated by org.testng.reporters.JUnitXMLReporter -->
<testsuite ignored="0" hostname="DESKTOP-KAFRPIC" failures="1" tests="29" name="PIDSRegression" time="33.136" errors="0" timestamp="2023-02-02T13:36:26 BDT">
  <testcase classname="regression.PidsRegressionSuite" name="@AfterMethod capture" time="0.017">
    <failure type="org.openqa.selenium.NoSuchWindowException" message="no such window: target window already closed
from unknown error: web view not found
  (Session info: chrome=109.0.5414.120)
Build info: version: &amp;apos;4.7.2&amp;apos;, revision: &amp;apos;4d4020c3b7&amp;apos;
System info: os.name: &amp;apos;Windows 10&amp;apos;, os.arch: &amp;apos;amd64&amp;apos;, os.version: &amp;apos;10.0&amp;apos;, java.version: &amp;apos;17.0.4.1&amp;apos;
Driver info: org.openqa.selenium.chrome.ChromeDriver
Command: [46b4fc17942280a19f958f31ef158994, screenshot {}]
Capabilities {acceptInsecureCerts: false, browserName: chrome, browserVersion: 109.0.5414.120, chrome: {chromedriverVersion: 109.0.5414.74 (e7c5703604da..., userDataDir: C:\Users\user\AppData\Local...}, goog:chromeOptions: {debuggerAddress: localhost:59964}, networkConnectionEnabled: false, pageLoadStrategy: normal, platformName: WINDOWS, proxy: Proxy(), se:cdp: ws://localhost:59964/devtoo..., se:cdpVersion: 109.0.5414.120, setWindowRect: true, strictFileInteractability: false, timeouts: {implicit: 0, pageLoad: 300000, script: 30000}, unhandledPromptBehavior: dismiss and notify, webauthn:extension:credBlob: true, webauthn:extension:largeBlob: true, webauthn:virtualAuthenticators: true}
Session ID: 46b4fc17942280a19f958f31ef158994">
      <![CDATA[org.openqa.selenium.NoSuchWindowException: no such window: target window already closed
from unknown error: web view not found
  (Session info: chrome=109.0.5414.120)
Build info: version: '4.7.2', revision: '4d4020c3b7'
System info: os.name: 'Windows 10', os.arch: 'amd64', os.version: '10.0', java.version: '17.0.4.1'
Driver info: org.openqa.selenium.chrome.ChromeDriver
Command: [46b4fc17942280a19f958f31ef158994, screenshot {}]
Capabilities {acceptInsecureCerts: false, browserName: chrome, browserVersion: 109.0.5414.120, chrome: {chromedriverVersion: 109.0.5414.74 (e7c5703604da..., userDataDir: C:\Users\user\AppData\Local...}, goog:chromeOptions: {debuggerAddress: localhost:59964}, networkConnectionEnabled: false, pageLoadStrategy: normal, platformName: WINDOWS, proxy: Proxy(), se:cdp: ws://localhost:59964/devtoo..., se:cdpVersion: 109.0.5414.120, setWindowRect: true, strictFileInteractability: false, timeouts: {implicit: 0, pageLoad: 300000, script: 30000}, unhandledPromptBehavior: dismiss and notify, webauthn:extension:credBlob: true, webauthn:extension:largeBlob: true, webauthn:virtualAuthenticators: true}
Session ID: 46b4fc17942280a19f958f31ef158994
at org.openqa.selenium.remote.codec.w3c.W3CHttpResponseCodec.createException(W3CHttpResponseCodec.java:200)
at org.openqa.selenium.remote.codec.w3c.W3CHttpResponseCodec.decode(W3CHttpResponseCodec.java:133)
at org.openqa.selenium.remote.codec.w3c.W3CHttpResponseCodec.decode(W3CHttpResponseCodec.java:53)
at org.openqa.selenium.remote.HttpCommandExecutor.execute(HttpCommandExecutor.java:184)
at org.openqa.selenium.remote.service.DriverCommandExecutor.invokeExecute(DriverCommandExecutor.java:167)
at org.openqa.selenium.remote.service.DriverCommandExecutor.execute(DriverCommandExecutor.java:142)
at org.openqa.selenium.remote.RemoteWebDriver.execute(RemoteWebDriver.java:535)
at org.openqa.selenium.remote.RemoteWebDriver.execute(RemoteWebDriver.java:590)
at org.openqa.selenium.remote.RemoteWebDriver.execute(RemoteWebDriver.java:594)
at org.openqa.selenium.remote.RemoteWebDriver.getScreenshotAs(RemoteWebDriver.java:317)
at util.CaptureScreenshots.takeSnap(CaptureScreenshots.java:22)
at regression.PidsRegressionSuite.capture(PidsRegressionSuite.java:293)
at java.base/java.util.ArrayList.forEach(ArrayList.java:1511)
... Removed 36 stack frames]]>
    </failure>
  </testcase> <!-- @AfterMethod capture -->
  <testcase classname="regression.PidsRegressionSuite" name="@AfterMethod capture" time="0.0">
    <skipped/>
  </testcase> <!-- @AfterMethod capture -->
  <testcase classname="regression.PidsRegressionSuite" name="@AfterMethod capture" time="0.0">
    <skipped/>
  </testcase> <!-- @AfterMethod capture -->
  <testcase classname="regression.PidsRegressionSuite" name="@AfterMethod capture" time="0.0">
    <skipped/>
  </testcase> <!-- @AfterMethod capture -->
  <testcase classname="regression.PidsRegressionSuite" name="@AfterMethod capture" time="0.0">
    <skipped/>
  </testcase> <!-- @AfterMethod capture -->
  <testcase classname="regression.PidsRegressionSuite" name="@AfterMethod capture" time="0.0">
    <skipped/>
  </testcase> <!-- @AfterMethod capture -->
  <testcase classname="regression.PidsRegressionSuite" name="@AfterMethod capture" time="0.0">
    <skipped/>
  </testcase> <!-- @AfterMethod capture -->
  <testcase classname="regression.PidsRegressionSuite" name="@AfterMethod capture" time="0.0">
    <skipped/>
  </testcase> <!-- @AfterMethod capture -->
  <testcase classname="regression.PidsRegressionSuite" name="@AfterMethod capture" time="0.0">
    <skipped/>
  </testcase> <!-- @AfterMethod capture -->
  <testcase classname="regression.PidsRegressionSuite" name="@AfterMethod capture" time="0.0">
    <skipped/>
  </testcase> <!-- @AfterMethod capture -->
  <testcase classname="regression.PidsRegressionSuite" name="@AfterMethod capture" time="0.0">
    <skipped/>
  </testcase> <!-- @AfterMethod capture -->
  <testcase classname="regression.PidsRegressionSuite" name="@AfterMethod capture" time="0.0">
    <skipped/>
  </testcase> <!-- @AfterMethod capture -->
  <testcase classname="regression.PidsRegressionSuite" name="@AfterMethod capture" time="0.0">
    <skipped/>
  </testcase> <!-- @AfterMethod capture -->
  <testcase classname="regression.PidsRegressionSuite" name="@AfterMethod capture" time="0.0">
    <skipped/>
  </testcase> <!-- @AfterMethod capture -->
  <testcase classname="regression.PidsRegressionSuite" name="@AfterMethod capture" time="0.0">
    <skipped/>
  </testcase> <!-- @AfterMethod capture -->
  <testcase classname="regression.PidsRegressionSuite" name="@AfterMethod capture" time="0.0">
    <skipped/>
  </testcase> <!-- @AfterMethod capture -->
  <testcase classname="regression.PidsRegressionSuite" name="@AfterMethod capture" time="0.0">
    <skipped/>
  </testcase> <!-- @AfterMethod capture -->
  <testcase classname="regression.PidsRegressionSuite" name="@AfterMethod capture" time="0.0">
    <skipped/>
  </testcase> <!-- @AfterMethod capture -->
  <testcase classname="regression.PidsRegressionSuite" name="@AfterMethod capture" time="0.0">
    <skipped/>
  </testcase> <!-- @AfterMethod capture -->
  <testcase classname="regression.PidsRegressionSuite" name="@AfterMethod capture" time="0.0">
    <skipped/>
  </testcase> <!-- @AfterMethod capture -->
  <testcase classname="regression.PidsRegressionSuite" name="@AfterMethod capture" time="0.0">
    <skipped/>
  </testcase> <!-- @AfterMethod capture -->
  <testcase classname="regression.PidsRegressionSuite" name="@AfterMethod capture" time="0.0">
    <skipped/>
  </testcase> <!-- @AfterMethod capture -->
  <testcase classname="regression.PidsRegressionSuite" name="@AfterMethod capture" time="0.0">
    <skipped/>
  </testcase> <!-- @AfterMethod capture -->
  <testcase classname="regression.PidsRegressionSuite" name="@AfterMethod capture" time="0.0">
    <skipped/>
  </testcase> <!-- @AfterMethod capture -->
  <testcase classname="regression.PidsRegressionSuite" name="@AfterMethod capture" time="0.0">
    <skipped/>
  </testcase> <!-- @AfterMethod capture -->
  <testcase classname="regression.PidsRegressionSuite" name="@AfterMethod capture" time="0.0">
    <skipped/>
  </testcase> <!-- @AfterMethod capture -->
  <testcase classname="regression.PidsRegressionSuite" name="@AfterMethod capture" time="0.0">
    <skipped/>
  </testcase> <!-- @AfterMethod capture -->
  <testcase classname="regression.PidsRegressionSuite" name="@AfterMethod capture" time="0.0">
    <skipped/>
  </testcase> <!-- @AfterMethod capture -->
  <testcase classname="regression.PidsRegressionSuite" name="@AfterTest Quit" time="0.0">
    <skipped/>
  </testcase> <!-- @AfterTest Quit -->
  <testcase classname="regression.PidsRegressionSuite" name="launchPIDS" time="0.317"/>
  <testcase classname="regression.PidsRegressionSuite" name="loginPIDS" time="30.322">
    <failure type="org.openqa.selenium.TimeoutException" message="Expected condition failed: waiting for visibility of element located by By.xpath: //h2[@class=&amp;apos;breadcrumb&amp;apos;] (tried for 30 second(s) with 500 milliseconds interval)">
      <![CDATA[org.openqa.selenium.TimeoutException: Expected condition failed: waiting for visibility of element located by By.xpath: //h2[@class='breadcrumb'] (tried for 30 second(s) with 500 milliseconds interval)
at org.openqa.selenium.support.ui.WebDriverWait.timeoutException(WebDriverWait.java:87)
at org.openqa.selenium.support.ui.FluentWait.until(FluentWait.java:231)
at pages.LoginPage.performLogin(LoginPage.java:38)
at regression.PidsRegressionSuite.loginPIDS(PidsRegressionSuite.java:61)
at java.base/java.util.ArrayList.forEach(ArrayList.java:1511)
Caused by: org.openqa.selenium.NoSuchWindowException: no such window: target window already closed
from unknown error: web view not found
  (Session info: chrome=109.0.5414.120)
Build info: version: '4.7.2', revision: '4d4020c3b7'
System info: os.name: 'Windows 10', os.arch: 'amd64', os.version: '10.0', java.version: '17.0.4.1'
Driver info: org.openqa.selenium.chrome.ChromeDriver
Command: [46b4fc17942280a19f958f31ef158994, findElement {using=xpath, value=//h2[@class='breadcrumb']}]
Capabilities {acceptInsecureCerts: false, browserName: chrome, browserVersion: 109.0.5414.120, chrome: {chromedriverVersion: 109.0.5414.74 (e7c5703604da..., userDataDir: C:\Users\user\AppData\Local...}, goog:chromeOptions: {debuggerAddress: localhost:59964}, networkConnectionEnabled: false, pageLoadStrategy: normal, platformName: WINDOWS, proxy: Proxy(), se:cdp: ws://localhost:59964/devtoo..., se:cdpVersion: 109.0.5414.120, setWindowRect: true, strictFileInteractability: false, timeouts: {implicit: 0, pageLoad: 300000, script: 30000}, unhandledPromptBehavior: dismiss and notify, webauthn:extension:credBlob: true, webauthn:extension:largeBlob: true, webauthn:virtualAuthenticators: true}
Session ID: 46b4fc17942280a19f958f31ef158994
at org.openqa.selenium.remote.codec.w3c.W3CHttpResponseCodec.createException(W3CHttpResponseCodec.java:200)
at org.openqa.selenium.remote.codec.w3c.W3CHttpResponseCodec.decode(W3CHttpResponseCodec.java:133)
at org.openqa.selenium.remote.codec.w3c.W3CHttpResponseCodec.decode(W3CHttpResponseCodec.java:53)
at org.openqa.selenium.remote.HttpCommandExecutor.execute(HttpCommandExecutor.java:184)
at org.openqa.selenium.remote.service.DriverCommandExecutor.invokeExecute(DriverCommandExecutor.java:167)
at org.openqa.selenium.remote.service.DriverCommandExecutor.execute(DriverCommandExecutor.java:142)
at org.openqa.selenium.remote.RemoteWebDriver.execute(RemoteWebDriver.java:535)
at org.openqa.selenium.remote.ElementLocation$ElementFinder$2.findElement(ElementLocation.java:162)
at org.openqa.selenium.remote.ElementLocation.findElement(ElementLocation.java:60)
at org.openqa.selenium.remote.RemoteWebDriver.findElement(RemoteWebDriver.java:351)
at org.openqa.selenium.remote.RemoteWebDriver.findElement(RemoteWebDriver.java:343)
at org.openqa.selenium.support.ui.ExpectedConditions$7.apply(ExpectedConditions.java:197)
at org.openqa.selenium.support.ui.ExpectedConditions$7.apply(ExpectedConditions.java:193)
at org.openqa.selenium.support.ui.FluentWait.until(FluentWait.java:208)
... 30 more
... Removed 31 stack frames]]>
    </failure>
  </testcase> <!-- loginPIDS -->
  <testcase classname="regression.PidsRegressionSuite" name="openUserManagement" time="0.0">
    <skipped/>
  </testcase> <!-- openUserManagement -->
  <testcase classname="regression.PidsRegressionSuite" name="createUser" time="0.0">
    <skipped/>
  </testcase> <!-- createUser -->
  <testcase classname="regression.PidsRegressionSuite" name="searchUser" time="0.0">
    <skipped/>
  </testcase> <!-- searchUser -->
  <testcase classname="regression.PidsRegressionSuite" name="updateUser" time="0.0">
    <skipped/>
  </testcase> <!-- updateUser -->
  <testcase classname="regression.PidsRegressionSuite" name="openRoleManagement" time="0.0">
    <skipped/>
  </testcase> <!-- openRoleManagement -->
  <testcase classname="regression.PidsRegressionSuite" name="createRole" time="0.0">
    <skipped/>
  </testcase> <!-- createRole -->
  <testcase classname="regression.PidsRegressionSuite" name="clearCache" time="0.0">
    <skipped/>
  </testcase> <!-- clearCache -->
  <testcase classname="regression.PidsRegressionSuite" name="searchRole" time="0.0">
    <skipped/>
  </testcase> <!-- searchRole -->
  <testcase classname="regression.PidsRegressionSuite" name="updatehRole" time="0.0">
    <skipped/>
  </testcase> <!-- updatehRole -->
  <testcase classname="regression.PidsRegressionSuite" name="launchUserAssignment" time="0.0">
    <skipped/>
  </testcase> <!-- launchUserAssignment -->
  <testcase classname="regression.PidsRegressionSuite" name="assignUser" time="0.0">
    <skipped/>
  </testcase> <!-- assignUser -->
  <testcase classname="regression.PidsRegressionSuite" name="createPrison" time="0.0">
    <skipped/>
  </testcase> <!-- createPrison -->
  <testcase classname="regression.PidsRegressionSuite" name="searchPrison" time="0.001">
    <skipped/>
  </testcase> <!-- searchPrison -->
  <testcase classname="regression.PidsRegressionSuite" name="updatePrison" time="0.0">
    <skipped/>
  </testcase> <!-- updatePrison -->
  <testcase classname="regression.PidsRegressionSuite" name="createLookup" time="0.0">
    <skipped/>
  </testcase> <!-- createLookup -->
  <testcase classname="regression.PidsRegressionSuite" name="searchLookup" time="0.002">
    <skipped/>
  </testcase> <!-- searchLookup -->
  <testcase classname="regression.PidsRegressionSuite" name="updateLookup" time="0.0">
    <skipped/>
  </testcase> <!-- updateLookup -->
  <testcase classname="regression.PidsRegressionSuite" name="openSearch" time="0.0">
    <skipped/>
  </testcase> <!-- openSearch -->
  <testcase classname="regression.PidsRegressionSuite" name="seachByPrisonerID" time="0.0">
    <skipped/>
  </testcase> <!-- seachByPrisonerID -->
  <testcase classname="regression.PidsRegressionSuite" name="seachByPrisonerName" time="0.0">
    <skipped/>
  </testcase> <!-- seachByPrisonerName -->
  <testcase classname="regression.PidsRegressionSuite" name="seachByNID" time="0.0">
    <skipped/>
  </testcase> <!-- seachByNID -->
  <testcase classname="regression.PidsRegressionSuite" name="seachByCaseNo" time="0.0">
    <skipped/>
  </testcase> <!-- seachByCaseNo -->
  <testcase classname="regression.PidsRegressionSuite" name="advancedSearch" time="0.0">
    <skipped/>
  </testcase> <!-- advancedSearch -->
  <testcase classname="regression.PidsRegressionSuite" name="openAFIS" time="0.0">
    <skipped/>
  </testcase> <!-- openAFIS -->
  <testcase classname="regression.PidsRegressionSuite" name="matchVerifiedAFIS" time="0.0">
    <skipped/>
  </testcase> <!-- matchVerifiedAFIS -->
  <testcase classname="regression.PidsRegressionSuite" name="matchClearAFIS" time="0.0">
    <skipped/>
  </testcase> <!-- matchClearAFIS -->
  <testcase classname="regression.PidsRegressionSuite" name="viewFingerPrints" time="0.0">
    <skipped/>
  </testcase> <!-- viewFingerPrints -->
</testsuite> <!-- PIDSRegression -->
