<?xml version="1.0" encoding="UTF-8"?>
<!-- Generated by org.testng.reporters.JUnitXMLReporter -->
<testsuite ignored="0" hostname="DESKTOP-KAFRPIC" failures="1" tests="29" name="Default test" time="33.006" errors="0" timestamp="2023-02-02T13:42:25 BDT">
  <testcase classname="regression.PidsRegressionSuite" name="@AfterMethod capture" time="0.014">
    <failure type="org.openqa.selenium.NoSuchWindowException" message="no such window: target window already closed
from unknown error: web view not found
  (Session info: chrome=109.0.5414.120)
Build info: version: &amp;apos;4.7.2&amp;apos;, revision: &amp;apos;4d4020c3b7&amp;apos;
System info: os.name: &amp;apos;Windows 10&amp;apos;, os.arch: &amp;apos;amd64&amp;apos;, os.version: &amp;apos;10.0&amp;apos;, java.version: &amp;apos;17.0.4.1&amp;apos;
Driver info: org.openqa.selenium.chrome.ChromeDriver
Command: [ba5a90ae7091340cbb986abf50c710ce, screenshot {}]
Capabilities {acceptInsecureCerts: false, browserName: chrome, browserVersion: 109.0.5414.120, chrome: {chromedriverVersion: 109.0.5414.74 (e7c5703604da..., userDataDir: C:\Users\user\AppData\Local...}, goog:chromeOptions: {debuggerAddress: localhost:60620}, networkConnectionEnabled: false, pageLoadStrategy: normal, platformName: WINDOWS, proxy: Proxy(), se:cdp: ws://localhost:60620/devtoo..., se:cdpVersion: 109.0.5414.120, setWindowRect: true, strictFileInteractability: false, timeouts: {implicit: 0, pageLoad: 300000, script: 30000}, unhandledPromptBehavior: dismiss and notify, webauthn:extension:credBlob: true, webauthn:extension:largeBlob: true, webauthn:virtualAuthenticators: true}
Session ID: ba5a90ae7091340cbb986abf50c710ce">
      <![CDATA[org.openqa.selenium.NoSuchWindowException: no such window: target window already closed
from unknown error: web view not found
  (Session info: chrome=109.0.5414.120)
Build info: version: '4.7.2', revision: '4d4020c3b7'
System info: os.name: 'Windows 10', os.arch: 'amd64', os.version: '10.0', java.version: '17.0.4.1'
Driver info: org.openqa.selenium.chrome.ChromeDriver
Command: [ba5a90ae7091340cbb986abf50c710ce, screenshot {}]
Capabilities {acceptInsecureCerts: false, browserName: chrome, browserVersion: 109.0.5414.120, chrome: {chromedriverVersion: 109.0.5414.74 (e7c5703604da..., userDataDir: C:\Users\user\AppData\Local...}, goog:chromeOptions: {debuggerAddress: localhost:60620}, networkConnectionEnabled: false, pageLoadStrategy: normal, platformName: WINDOWS, proxy: Proxy(), se:cdp: ws://localhost:60620/devtoo..., se:cdpVersion: 109.0.5414.120, setWindowRect: true, strictFileInteractability: false, timeouts: {implicit: 0, pageLoad: 300000, script: 30000}, unhandledPromptBehavior: dismiss and notify, webauthn:extension:credBlob: true, webauthn:extension:largeBlob: true, webauthn:virtualAuthenticators: true}
Session ID: ba5a90ae7091340cbb986abf50c710ce
at jdk.internal.reflect.GeneratedConstructorAccessor13.newInstance(Unknown Source)
at java.base/jdk.internal.reflect.DelegatingConstructorAccessorImpl.newInstance(DelegatingConstructorAccessorImpl.java:45)
at java.base/java.lang.reflect.Constructor.newInstanceWithCaller(Constructor.java:499)
at java.base/java.lang.reflect.Constructor.newInstance(Constructor.java:480)
at org.openqa.selenium.remote.codec.w3c.W3CHttpResponseCodec.createException(W3CHttpResponseCodec.java:200)
at org.openqa.selenium.remote.codec.w3c.W3CHttpResponseCodec.decode(W3CHttpResponseCodec.java:133)
at org.openqa.selenium.remote.codec.w3c.W3CHttpResponseCodec.decode(W3CHttpResponseCodec.java:53)
at org.openqa.selenium.remote.HttpCommandExecutor.execute(HttpCommandExecutor.java:184)
at org.openqa.selenium.remote.service.DriverCommandExecutor.invokeExecute(DriverCommandExecutor.java:167)
at org.openqa.selenium.remote.service.DriverCommandExecutor.execute(DriverCommandExecutor.java:142)
at org.openqa.selenium.remote.RemoteWebDriver.execute(RemoteWebDriver.java:535)
at org.openqa.selenium.remote.RemoteWebDriver.execute(RemoteWebDriver.java:590)
at org.openqa.selenium.remote.RemoteWebDriver.execute(RemoteWebDriver.java:594)
at org.openqa.selenium.remote.RemoteWebDriver.getScreenshotAs(RemoteWebDriver.java:317)
at util.CaptureScreenshots.takeSnap(CaptureScreenshots.java:22)
at regression.PidsRegressionSuite.capture(PidsRegressionSuite.java:296)
at java.base/jdk.internal.reflect.NativeMethodAccessorImpl.invoke0(Native Method)
at java.base/jdk.internal.reflect.NativeMethodAccessorImpl.invoke(NativeMethodAccessorImpl.java:77)
at java.base/jdk.internal.reflect.DelegatingMethodAccessorImpl.invoke(DelegatingMethodAccessorImpl.java:43)
at java.base/java.lang.reflect.Method.invoke(Method.java:568)
at org.testng.internal.invokers.MethodInvocationHelper.invokeMethod(MethodInvocationHelper.java:139)
at org.testng.internal.invokers.MethodInvocationHelper.invokeMethodConsideringTimeout(MethodInvocationHelper.java:69)
at org.testng.internal.invokers.ConfigInvoker.invokeConfigurationMethod(ConfigInvoker.java:361)
at org.testng.internal.invokers.ConfigInvoker.invokeConfigurations(ConfigInvoker.java:296)
at org.testng.internal.invokers.TestInvoker.runConfigMethods(TestInvoker.java:823)
at org.testng.internal.invokers.TestInvoker.runAfterConfigurations(TestInvoker.java:792)
at org.testng.internal.invokers.TestInvoker.invokeMethod(TestInvoker.java:768)
at org.testng.internal.invokers.TestInvoker.invokeTestMethod(TestInvoker.java:221)
at org.testng.internal.invokers.MethodRunner.runInSequence(MethodRunner.java:50)
at org.testng.internal.invokers.TestInvoker$MethodInvocationAgent.invoke(TestInvoker.java:969)
at org.testng.internal.invokers.TestInvoker.invokeTestMethods(TestInvoker.java:194)
at org.testng.internal.invokers.TestMethodWorker.invokeTestMethods(TestMethodWorker.java:148)
at org.testng.internal.invokers.TestMethodWorker.run(TestMethodWorker.java:128)
at java.base/java.util.ArrayList.forEach(ArrayList.java:1511)
at org.testng.TestRunner.privateRun(TestRunner.java:829)
at org.testng.TestRunner.run(TestRunner.java:602)
at org.testng.SuiteRunner.runTest(SuiteRunner.java:437)
at org.testng.SuiteRunner.runSequentially(SuiteRunner.java:431)
at org.testng.SuiteRunner.privateRun(SuiteRunner.java:391)
at org.testng.SuiteRunner.run(SuiteRunner.java:330)
at org.testng.SuiteRunnerWorker.runSuite(SuiteRunnerWorker.java:52)
at org.testng.SuiteRunnerWorker.run(SuiteRunnerWorker.java:95)
at org.testng.TestNG.runSuitesSequentially(TestNG.java:1256)
at org.testng.TestNG.runSuitesLocally(TestNG.java:1176)
at org.testng.TestNG.runSuites(TestNG.java:1099)
at org.testng.TestNG.run(TestNG.java:1067)
at org.testng.remote.AbstractRemoteTestNG.run(AbstractRemoteTestNG.java:115)
at org.testng.remote.RemoteTestNG.initAndRun(RemoteTestNG.java:251)
at org.testng.remote.RemoteTestNG.main(RemoteTestNG.java:77)
]]>
    </failure>
  </testcase> <!-- @AfterMethod capture -->
  <testcase classname="regression.PidsRegressionSuite" name="@AfterMethod capture" time="0.0">
    <skipped/>
  </testcase> <!-- @AfterMethod capture -->
  <testcase classname="regression.PidsRegressionSuite" name="@AfterMethod capture" time="0.0">
    <skipped/>
  </testcase> <!-- @AfterMethod capture -->
  <testcase classname="regression.PidsRegressionSuite" name="@AfterMethod capture" time="0.0">
    <skipped/>
  </testcase> <!-- @AfterMethod capture -->
  <testcase classname="regression.PidsRegressionSuite" name="@AfterMethod capture" time="0.0">
    <skipped/>
  </testcase> <!-- @AfterMethod capture -->
  <testcase classname="regression.PidsRegressionSuite" name="@AfterMethod capture" time="0.0">
    <skipped/>
  </testcase> <!-- @AfterMethod capture -->
  <testcase classname="regression.PidsRegressionSuite" name="@AfterMethod capture" time="0.0">
    <skipped/>
  </testcase> <!-- @AfterMethod capture -->
  <testcase classname="regression.PidsRegressionSuite" name="@AfterMethod capture" time="0.0">
    <skipped/>
  </testcase> <!-- @AfterMethod capture -->
  <testcase classname="regression.PidsRegressionSuite" name="@AfterMethod capture" time="0.0">
    <skipped/>
  </testcase> <!-- @AfterMethod capture -->
  <testcase classname="regression.PidsRegressionSuite" name="@AfterMethod capture" time="0.0">
    <skipped/>
  </testcase> <!-- @AfterMethod capture -->
  <testcase classname="regression.PidsRegressionSuite" name="@AfterMethod capture" time="0.0">
    <skipped/>
  </testcase> <!-- @AfterMethod capture -->
  <testcase classname="regression.PidsRegressionSuite" name="@AfterMethod capture" time="0.0">
    <skipped/>
  </testcase> <!-- @AfterMethod capture -->
  <testcase classname="regression.PidsRegressionSuite" name="@AfterMethod capture" time="0.0">
    <skipped/>
  </testcase> <!-- @AfterMethod capture -->
  <testcase classname="regression.PidsRegressionSuite" name="@AfterMethod capture" time="0.0">
    <skipped/>
  </testcase> <!-- @AfterMethod capture -->
  <testcase classname="regression.PidsRegressionSuite" name="@AfterMethod capture" time="0.0">
    <skipped/>
  </testcase> <!-- @AfterMethod capture -->
  <testcase classname="regression.PidsRegressionSuite" name="@AfterMethod capture" time="0.0">
    <skipped/>
  </testcase> <!-- @AfterMethod capture -->
  <testcase classname="regression.PidsRegressionSuite" name="@AfterMethod capture" time="0.0">
    <skipped/>
  </testcase> <!-- @AfterMethod capture -->
  <testcase classname="regression.PidsRegressionSuite" name="@AfterMethod capture" time="0.0">
    <skipped/>
  </testcase> <!-- @AfterMethod capture -->
  <testcase classname="regression.PidsRegressionSuite" name="@AfterMethod capture" time="0.0">
    <skipped/>
  </testcase> <!-- @AfterMethod capture -->
  <testcase classname="regression.PidsRegressionSuite" name="@AfterMethod capture" time="0.0">
    <skipped/>
  </testcase> <!-- @AfterMethod capture -->
  <testcase classname="regression.PidsRegressionSuite" name="@AfterMethod capture" time="0.0">
    <skipped/>
  </testcase> <!-- @AfterMethod capture -->
  <testcase classname="regression.PidsRegressionSuite" name="@AfterMethod capture" time="0.0">
    <skipped/>
  </testcase> <!-- @AfterMethod capture -->
  <testcase classname="regression.PidsRegressionSuite" name="@AfterMethod capture" time="0.0">
    <skipped/>
  </testcase> <!-- @AfterMethod capture -->
  <testcase classname="regression.PidsRegressionSuite" name="@AfterMethod capture" time="0.0">
    <skipped/>
  </testcase> <!-- @AfterMethod capture -->
  <testcase classname="regression.PidsRegressionSuite" name="@AfterMethod capture" time="0.0">
    <skipped/>
  </testcase> <!-- @AfterMethod capture -->
  <testcase classname="regression.PidsRegressionSuite" name="@AfterMethod capture" time="0.0">
    <skipped/>
  </testcase> <!-- @AfterMethod capture -->
  <testcase classname="regression.PidsRegressionSuite" name="@AfterMethod capture" time="0.0">
    <skipped/>
  </testcase> <!-- @AfterMethod capture -->
  <testcase classname="regression.PidsRegressionSuite" name="@AfterMethod capture" time="0.0">
    <skipped/>
  </testcase> <!-- @AfterMethod capture -->
  <testcase classname="regression.PidsRegressionSuite" name="@AfterTest Quit" time="0.0">
    <skipped/>
  </testcase> <!-- @AfterTest Quit -->
  <testcase classname="regression.PidsRegressionSuite" name="launchPIDS" time="0.319"/>
  <testcase classname="regression.PidsRegressionSuite" name="loginPIDS" time="30.373">
    <failure type="org.openqa.selenium.TimeoutException" message="Expected condition failed: waiting for visibility of element located by By.xpath: //h2[@class=&amp;apos;breadcrumb&amp;apos;] (tried for 30 second(s) with 500 milliseconds interval)">
      <![CDATA[org.openqa.selenium.TimeoutException: Expected condition failed: waiting for visibility of element located by By.xpath: //h2[@class='breadcrumb'] (tried for 30 second(s) with 500 milliseconds interval)
at org.openqa.selenium.support.ui.WebDriverWait.timeoutException(WebDriverWait.java:87)
at org.openqa.selenium.support.ui.FluentWait.until(FluentWait.java:231)
at pages.LoginPage.performLogin(LoginPage.java:38)
at regression.PidsRegressionSuite.loginPIDS(PidsRegressionSuite.java:64)
at java.base/jdk.internal.reflect.NativeMethodAccessorImpl.invoke0(Native Method)
at java.base/jdk.internal.reflect.NativeMethodAccessorImpl.invoke(NativeMethodAccessorImpl.java:77)
at java.base/jdk.internal.reflect.DelegatingMethodAccessorImpl.invoke(DelegatingMethodAccessorImpl.java:43)
at java.base/java.lang.reflect.Method.invoke(Method.java:568)
at org.testng.internal.invokers.MethodInvocationHelper.invokeMethod(MethodInvocationHelper.java:139)
at org.testng.internal.invokers.TestInvoker.invokeMethod(TestInvoker.java:677)
at org.testng.internal.invokers.TestInvoker.invokeTestMethod(TestInvoker.java:221)
at org.testng.internal.invokers.MethodRunner.runInSequence(MethodRunner.java:50)
at org.testng.internal.invokers.TestInvoker$MethodInvocationAgent.invoke(TestInvoker.java:969)
at org.testng.internal.invokers.TestInvoker.invokeTestMethods(TestInvoker.java:194)
at org.testng.internal.invokers.TestMethodWorker.invokeTestMethods(TestMethodWorker.java:148)
at org.testng.internal.invokers.TestMethodWorker.run(TestMethodWorker.java:128)
at java.base/java.util.ArrayList.forEach(ArrayList.java:1511)
at org.testng.TestRunner.privateRun(TestRunner.java:829)
at org.testng.TestRunner.run(TestRunner.java:602)
at org.testng.SuiteRunner.runTest(SuiteRunner.java:437)
at org.testng.SuiteRunner.runSequentially(SuiteRunner.java:431)
at org.testng.SuiteRunner.privateRun(SuiteRunner.java:391)
at org.testng.SuiteRunner.run(SuiteRunner.java:330)
at org.testng.SuiteRunnerWorker.runSuite(SuiteRunnerWorker.java:52)
at org.testng.SuiteRunnerWorker.run(SuiteRunnerWorker.java:95)
at org.testng.TestNG.runSuitesSequentially(TestNG.java:1256)
at org.testng.TestNG.runSuitesLocally(TestNG.java:1176)
at org.testng.TestNG.runSuites(TestNG.java:1099)
at org.testng.TestNG.run(TestNG.java:1067)
at org.testng.remote.AbstractRemoteTestNG.run(AbstractRemoteTestNG.java:115)
at org.testng.remote.RemoteTestNG.initAndRun(RemoteTestNG.java:251)
at org.testng.remote.RemoteTestNG.main(RemoteTestNG.java:77)
Caused by: org.openqa.selenium.NoSuchWindowException: no such window: target window already closed
from unknown error: web view not found
  (Session info: chrome=109.0.5414.120)
Build info: version: '4.7.2', revision: '4d4020c3b7'
System info: os.name: 'Windows 10', os.arch: 'amd64', os.version: '10.0', java.version: '17.0.4.1'
Driver info: org.openqa.selenium.chrome.ChromeDriver
Command: [ba5a90ae7091340cbb986abf50c710ce, findElement {using=xpath, value=//h2[@class='breadcrumb']}]
Capabilities {acceptInsecureCerts: false, browserName: chrome, browserVersion: 109.0.5414.120, chrome: {chromedriverVersion: 109.0.5414.74 (e7c5703604da..., userDataDir: C:\Users\user\AppData\Local...}, goog:chromeOptions: {debuggerAddress: localhost:60620}, networkConnectionEnabled: false, pageLoadStrategy: normal, platformName: WINDOWS, proxy: Proxy(), se:cdp: ws://localhost:60620/devtoo..., se:cdpVersion: 109.0.5414.120, setWindowRect: true, strictFileInteractability: false, timeouts: {implicit: 0, pageLoad: 300000, script: 30000}, unhandledPromptBehavior: dismiss and notify, webauthn:extension:credBlob: true, webauthn:extension:largeBlob: true, webauthn:virtualAuthenticators: true}
Session ID: ba5a90ae7091340cbb986abf50c710ce
at jdk.internal.reflect.GeneratedConstructorAccessor13.newInstance(Unknown Source)
at java.base/jdk.internal.reflect.DelegatingConstructorAccessorImpl.newInstance(DelegatingConstructorAccessorImpl.java:45)
at java.base/java.lang.reflect.Constructor.newInstanceWithCaller(Constructor.java:499)
at java.base/java.lang.reflect.Constructor.newInstance(Constructor.java:480)
at org.openqa.selenium.remote.codec.w3c.W3CHttpResponseCodec.createException(W3CHttpResponseCodec.java:200)
at org.openqa.selenium.remote.codec.w3c.W3CHttpResponseCodec.decode(W3CHttpResponseCodec.java:133)
at org.openqa.selenium.remote.codec.w3c.W3CHttpResponseCodec.decode(W3CHttpResponseCodec.java:53)
at org.openqa.selenium.remote.HttpCommandExecutor.execute(HttpCommandExecutor.java:184)
at org.openqa.selenium.remote.service.DriverCommandExecutor.invokeExecute(DriverCommandExecutor.java:167)
at org.openqa.selenium.remote.service.DriverCommandExecutor.execute(DriverCommandExecutor.java:142)
at org.openqa.selenium.remote.RemoteWebDriver.execute(RemoteWebDriver.java:535)
at org.openqa.selenium.remote.ElementLocation$ElementFinder$2.findElement(ElementLocation.java:162)
at org.openqa.selenium.remote.ElementLocation.findElement(ElementLocation.java:60)
at org.openqa.selenium.remote.RemoteWebDriver.findElement(RemoteWebDriver.java:351)
at org.openqa.selenium.remote.RemoteWebDriver.findElement(RemoteWebDriver.java:343)
at org.openqa.selenium.support.ui.ExpectedConditions$7.apply(ExpectedConditions.java:197)
at org.openqa.selenium.support.ui.ExpectedConditions$7.apply(ExpectedConditions.java:193)
at org.openqa.selenium.support.ui.FluentWait.until(FluentWait.java:208)
... 30 more
]]>
    </failure>
  </testcase> <!-- loginPIDS -->
  <testcase classname="regression.PidsRegressionSuite" name="openUserManagement" time="0.001">
    <skipped/>
  </testcase> <!-- openUserManagement -->
  <testcase classname="regression.PidsRegressionSuite" name="createUser" time="0.0">
    <skipped/>
  </testcase> <!-- createUser -->
  <testcase classname="regression.PidsRegressionSuite" name="searchUser" time="0.0">
    <skipped/>
  </testcase> <!-- searchUser -->
  <testcase classname="regression.PidsRegressionSuite" name="updateUser" time="0.0">
    <skipped/>
  </testcase> <!-- updateUser -->
  <testcase classname="regression.PidsRegressionSuite" name="openRoleManagement" time="0.0">
    <skipped/>
  </testcase> <!-- openRoleManagement -->
  <testcase classname="regression.PidsRegressionSuite" name="createRole" time="0.0">
    <skipped/>
  </testcase> <!-- createRole -->
  <testcase classname="regression.PidsRegressionSuite" name="clearCache" time="0.0">
    <skipped/>
  </testcase> <!-- clearCache -->
  <testcase classname="regression.PidsRegressionSuite" name="searchRole" time="0.0">
    <skipped/>
  </testcase> <!-- searchRole -->
  <testcase classname="regression.PidsRegressionSuite" name="updatehRole" time="0.0">
    <skipped/>
  </testcase> <!-- updatehRole -->
  <testcase classname="regression.PidsRegressionSuite" name="launchUserAssignment" time="0.0">
    <skipped/>
  </testcase> <!-- launchUserAssignment -->
  <testcase classname="regression.PidsRegressionSuite" name="assignUser" time="0.001">
    <skipped/>
  </testcase> <!-- assignUser -->
  <testcase classname="regression.PidsRegressionSuite" name="createPrison" time="0.0">
    <skipped/>
  </testcase> <!-- createPrison -->
  <testcase classname="regression.PidsRegressionSuite" name="searchPrison" time="0.0">
    <skipped/>
  </testcase> <!-- searchPrison -->
  <testcase classname="regression.PidsRegressionSuite" name="updatePrison" time="0.0">
    <skipped/>
  </testcase> <!-- updatePrison -->
  <testcase classname="regression.PidsRegressionSuite" name="createLookup" time="0.0">
    <skipped/>
  </testcase> <!-- createLookup -->
  <testcase classname="regression.PidsRegressionSuite" name="searchLookup" time="0.0">
    <skipped/>
  </testcase> <!-- searchLookup -->
  <testcase classname="regression.PidsRegressionSuite" name="updateLookup" time="0.0">
    <skipped/>
  </testcase> <!-- updateLookup -->
  <testcase classname="regression.PidsRegressionSuite" name="openSearch" time="0.0">
    <skipped/>
  </testcase> <!-- openSearch -->
  <testcase classname="regression.PidsRegressionSuite" name="seachByPrisonerID" time="0.0">
    <skipped/>
  </testcase> <!-- seachByPrisonerID -->
  <testcase classname="regression.PidsRegressionSuite" name="seachByPrisonerName" time="0.0">
    <skipped/>
  </testcase> <!-- seachByPrisonerName -->
  <testcase classname="regression.PidsRegressionSuite" name="seachByNID" time="0.0">
    <skipped/>
  </testcase> <!-- seachByNID -->
  <testcase classname="regression.PidsRegressionSuite" name="seachByCaseNo" time="0.0">
    <skipped/>
  </testcase> <!-- seachByCaseNo -->
  <testcase classname="regression.PidsRegressionSuite" name="advancedSearch" time="0.0">
    <skipped/>
  </testcase> <!-- advancedSearch -->
  <testcase classname="regression.PidsRegressionSuite" name="openAFIS" time="0.0">
    <skipped/>
  </testcase> <!-- openAFIS -->
  <testcase classname="regression.PidsRegressionSuite" name="matchVerifiedAFIS" time="0.0">
    <skipped/>
  </testcase> <!-- matchVerifiedAFIS -->
  <testcase classname="regression.PidsRegressionSuite" name="matchClearAFIS" time="0.0">
    <skipped/>
  </testcase> <!-- matchClearAFIS -->
  <testcase classname="regression.PidsRegressionSuite" name="viewFingerPrints" time="0.0">
    <skipped/>
  </testcase> <!-- viewFingerPrints -->
</testsuite> <!-- Default test -->
