<?xml version="1.0" encoding="UTF-8"?>
<!-- Generated by org.testng.reporters.JUnitReportReporter -->
<testsuite hostname="DESKTOP-KAFRPIC" failures="0" tests="30" name="regression.PidsRegressionSuite2" time="0.019" errors="2" timestamp="2023-02-02T13:47:22 BDT" skipped="28">
  <testcase classname="regression.PidsRegressionSuite2" name="launchPIDS" time="0.012">
    <error message="no such window: target window already closed
from unknown error: web view not found
  (Session info: chrome=109.0.5414.120)
Build info: version: &#039;4.7.2&#039;, revision: &#039;4d4020c3b7&#039;
System info: os.name: &#039;Windows 10&#039;, os.arch: &#039;amd64&#039;, os.version: &#039;10.0&#039;, java.version: &#039;17.0.4.1&#039;
Driver info: org.openqa.selenium.chrome.ChromeDriver
Command: [aedc046a5223af8c2c4b542765416f23, get {url=http://192.168.1.138:9009/ntmc_admin_portal/login/}]
Capabilities {acceptInsecureCerts: false, browserName: chrome, browserVersion: 109.0.5414.120, chrome: {chromedriverVersion: 109.0.5414.74 (e7c5703604da..., userDataDir: C:\Users\user\AppData\Local...}, goog:chromeOptions: {debuggerAddress: localhost:61214}, networkConnectionEnabled: false, pageLoadStrategy: normal, platformName: WINDOWS, proxy: Proxy(), se:cdp: ws://localhost:61214/devtoo..., se:cdpVersion: 109.0.5414.120, setWindowRect: true, strictFileInteractability: false, timeouts: {implicit: 0, pageLoad: 300000, script: 30000}, unhandledPromptBehavior: dismiss and notify, webauthn:extension:credBlob: true, webauthn:extension:largeBlob: true, webauthn:virtualAuthenticators: true}
Session ID: aedc046a5223af8c2c4b542765416f23" type="org.openqa.selenium.NoSuchWindowException">
      <![CDATA[org.openqa.selenium.NoSuchWindowException: no such window: target window already closed
from unknown error: web view not found
  (Session info: chrome=109.0.5414.120)
Build info: version: '4.7.2', revision: '4d4020c3b7'
System info: os.name: 'Windows 10', os.arch: 'amd64', os.version: '10.0', java.version: '17.0.4.1'
Driver info: org.openqa.selenium.chrome.ChromeDriver
Command: [aedc046a5223af8c2c4b542765416f23, get {url=http://192.168.1.138:9009/ntmc_admin_portal/login/}]
Capabilities {acceptInsecureCerts: false, browserName: chrome, browserVersion: 109.0.5414.120, chrome: {chromedriverVersion: 109.0.5414.74 (e7c5703604da..., userDataDir: C:\Users\user\AppData\Local...}, goog:chromeOptions: {debuggerAddress: localhost:61214}, networkConnectionEnabled: false, pageLoadStrategy: normal, platformName: WINDOWS, proxy: Proxy(), se:cdp: ws://localhost:61214/devtoo..., se:cdpVersion: 109.0.5414.120, setWindowRect: true, strictFileInteractability: false, timeouts: {implicit: 0, pageLoad: 300000, script: 30000}, unhandledPromptBehavior: dismiss and notify, webauthn:extension:credBlob: true, webauthn:extension:largeBlob: true, webauthn:virtualAuthenticators: true}
Session ID: aedc046a5223af8c2c4b542765416f23
at jdk.internal.reflect.GeneratedConstructorAccessor13.newInstance(Unknown Source)
at java.base/jdk.internal.reflect.DelegatingConstructorAccessorImpl.newInstance(DelegatingConstructorAccessorImpl.java:45)
at java.base/java.lang.reflect.Constructor.newInstanceWithCaller(Constructor.java:499)
at java.base/java.lang.reflect.Constructor.newInstance(Constructor.java:480)
at org.openqa.selenium.remote.codec.w3c.W3CHttpResponseCodec.createException(W3CHttpResponseCodec.java:200)
at org.openqa.selenium.remote.codec.w3c.W3CHttpResponseCodec.decode(W3CHttpResponseCodec.java:133)
at org.openqa.selenium.remote.codec.w3c.W3CHttpResponseCodec.decode(W3CHttpResponseCodec.java:53)
at org.openqa.selenium.remote.HttpCommandExecutor.execute(HttpCommandExecutor.java:184)
at org.openqa.selenium.remote.service.DriverCommandExecutor.invokeExecute(DriverCommandExecutor.java:167)
at org.openqa.selenium.remote.service.DriverCommandExecutor.execute(DriverCommandExecutor.java:142)
at org.openqa.selenium.remote.RemoteWebDriver.execute(RemoteWebDriver.java:535)
at org.openqa.selenium.remote.RemoteWebDriver.get(RemoteWebDriver.java:296)
at pages.LoginPage.lunchPIDS(LoginPage.java:27)
at regression.PidsRegressionSuite2.launchPIDS(PidsRegressionSuite2.java:56)
at java.base/jdk.internal.reflect.NativeMethodAccessorImpl.invoke0(Native Method)
at java.base/jdk.internal.reflect.NativeMethodAccessorImpl.invoke(NativeMethodAccessorImpl.java:77)
at java.base/jdk.internal.reflect.DelegatingMethodAccessorImpl.invoke(DelegatingMethodAccessorImpl.java:43)
at java.base/java.lang.reflect.Method.invoke(Method.java:568)
at org.testng.internal.invokers.MethodInvocationHelper.invokeMethod(MethodInvocationHelper.java:139)
at org.testng.internal.invokers.TestInvoker.invokeMethod(TestInvoker.java:677)
at org.testng.internal.invokers.TestInvoker.invokeTestMethod(TestInvoker.java:221)
at org.testng.internal.invokers.MethodRunner.runInSequence(MethodRunner.java:50)
at org.testng.internal.invokers.TestInvoker$MethodInvocationAgent.invoke(TestInvoker.java:969)
at org.testng.internal.invokers.TestInvoker.invokeTestMethods(TestInvoker.java:194)
at org.testng.internal.invokers.TestMethodWorker.invokeTestMethods(TestMethodWorker.java:148)
at org.testng.internal.invokers.TestMethodWorker.run(TestMethodWorker.java:128)
at java.base/java.util.ArrayList.forEach(ArrayList.java:1511)
at org.testng.TestRunner.privateRun(TestRunner.java:829)
at org.testng.TestRunner.run(TestRunner.java:602)
at org.testng.SuiteRunner.runTest(SuiteRunner.java:437)
at org.testng.SuiteRunner.runSequentially(SuiteRunner.java:431)
at org.testng.SuiteRunner.privateRun(SuiteRunner.java:391)
at org.testng.SuiteRunner.run(SuiteRunner.java:330)
at org.testng.SuiteRunnerWorker.runSuite(SuiteRunnerWorker.java:52)
at org.testng.SuiteRunnerWorker.run(SuiteRunnerWorker.java:95)
at org.testng.TestNG.runSuitesSequentially(TestNG.java:1256)
at org.testng.TestNG.runSuitesLocally(TestNG.java:1176)
at org.testng.TestNG.runSuites(TestNG.java:1099)
at org.testng.TestNG.run(TestNG.java:1067)
at org.testng.remote.AbstractRemoteTestNG.run(AbstractRemoteTestNG.java:115)
at org.testng.remote.RemoteTestNG.initAndRun(RemoteTestNG.java:251)
at org.testng.remote.RemoteTestNG.main(RemoteTestNG.java:77)
]]>
    </error>
  </testcase> <!-- launchPIDS -->
  <system-out/>
  <testcase classname="regression.PidsRegressionSuite2" name="capture" time="0.006">
    <error message="no such window: target window already closed
from unknown error: web view not found
  (Session info: chrome=109.0.5414.120)
Build info: version: &#039;4.7.2&#039;, revision: &#039;4d4020c3b7&#039;
System info: os.name: &#039;Windows 10&#039;, os.arch: &#039;amd64&#039;, os.version: &#039;10.0&#039;, java.version: &#039;17.0.4.1&#039;
Driver info: org.openqa.selenium.chrome.ChromeDriver
Command: [aedc046a5223af8c2c4b542765416f23, screenshot {}]
Capabilities {acceptInsecureCerts: false, browserName: chrome, browserVersion: 109.0.5414.120, chrome: {chromedriverVersion: 109.0.5414.74 (e7c5703604da..., userDataDir: C:\Users\user\AppData\Local...}, goog:chromeOptions: {debuggerAddress: localhost:61214}, networkConnectionEnabled: false, pageLoadStrategy: normal, platformName: WINDOWS, proxy: Proxy(), se:cdp: ws://localhost:61214/devtoo..., se:cdpVersion: 109.0.5414.120, setWindowRect: true, strictFileInteractability: false, timeouts: {implicit: 0, pageLoad: 300000, script: 30000}, unhandledPromptBehavior: dismiss and notify, webauthn:extension:credBlob: true, webauthn:extension:largeBlob: true, webauthn:virtualAuthenticators: true}
Session ID: aedc046a5223af8c2c4b542765416f23" type="org.openqa.selenium.NoSuchWindowException">
      <![CDATA[org.openqa.selenium.NoSuchWindowException: no such window: target window already closed
from unknown error: web view not found
  (Session info: chrome=109.0.5414.120)
Build info: version: '4.7.2', revision: '4d4020c3b7'
System info: os.name: 'Windows 10', os.arch: 'amd64', os.version: '10.0', java.version: '17.0.4.1'
Driver info: org.openqa.selenium.chrome.ChromeDriver
Command: [aedc046a5223af8c2c4b542765416f23, screenshot {}]
Capabilities {acceptInsecureCerts: false, browserName: chrome, browserVersion: 109.0.5414.120, chrome: {chromedriverVersion: 109.0.5414.74 (e7c5703604da..., userDataDir: C:\Users\user\AppData\Local...}, goog:chromeOptions: {debuggerAddress: localhost:61214}, networkConnectionEnabled: false, pageLoadStrategy: normal, platformName: WINDOWS, proxy: Proxy(), se:cdp: ws://localhost:61214/devtoo..., se:cdpVersion: 109.0.5414.120, setWindowRect: true, strictFileInteractability: false, timeouts: {implicit: 0, pageLoad: 300000, script: 30000}, unhandledPromptBehavior: dismiss and notify, webauthn:extension:credBlob: true, webauthn:extension:largeBlob: true, webauthn:virtualAuthenticators: true}
Session ID: aedc046a5223af8c2c4b542765416f23
at jdk.internal.reflect.GeneratedConstructorAccessor13.newInstance(Unknown Source)
at java.base/jdk.internal.reflect.DelegatingConstructorAccessorImpl.newInstance(DelegatingConstructorAccessorImpl.java:45)
at java.base/java.lang.reflect.Constructor.newInstanceWithCaller(Constructor.java:499)
at java.base/java.lang.reflect.Constructor.newInstance(Constructor.java:480)
at org.openqa.selenium.remote.codec.w3c.W3CHttpResponseCodec.createException(W3CHttpResponseCodec.java:200)
at org.openqa.selenium.remote.codec.w3c.W3CHttpResponseCodec.decode(W3CHttpResponseCodec.java:133)
at org.openqa.selenium.remote.codec.w3c.W3CHttpResponseCodec.decode(W3CHttpResponseCodec.java:53)
at org.openqa.selenium.remote.HttpCommandExecutor.execute(HttpCommandExecutor.java:184)
at org.openqa.selenium.remote.service.DriverCommandExecutor.invokeExecute(DriverCommandExecutor.java:167)
at org.openqa.selenium.remote.service.DriverCommandExecutor.execute(DriverCommandExecutor.java:142)
at org.openqa.selenium.remote.RemoteWebDriver.execute(RemoteWebDriver.java:535)
at org.openqa.selenium.remote.RemoteWebDriver.execute(RemoteWebDriver.java:590)
at org.openqa.selenium.remote.RemoteWebDriver.execute(RemoteWebDriver.java:594)
at org.openqa.selenium.remote.RemoteWebDriver.getScreenshotAs(RemoteWebDriver.java:317)
at util.CaptureScreenshots.takeSnap(CaptureScreenshots.java:22)
at regression.PidsRegressionSuite2.capture(PidsRegressionSuite2.java:296)
at java.base/jdk.internal.reflect.NativeMethodAccessorImpl.invoke0(Native Method)
at java.base/jdk.internal.reflect.NativeMethodAccessorImpl.invoke(NativeMethodAccessorImpl.java:77)
at java.base/jdk.internal.reflect.DelegatingMethodAccessorImpl.invoke(DelegatingMethodAccessorImpl.java:43)
at java.base/java.lang.reflect.Method.invoke(Method.java:568)
at org.testng.internal.invokers.MethodInvocationHelper.invokeMethod(MethodInvocationHelper.java:139)
at org.testng.internal.invokers.MethodInvocationHelper.invokeMethodConsideringTimeout(MethodInvocationHelper.java:69)
at org.testng.internal.invokers.ConfigInvoker.invokeConfigurationMethod(ConfigInvoker.java:361)
at org.testng.internal.invokers.ConfigInvoker.invokeConfigurations(ConfigInvoker.java:296)
at org.testng.internal.invokers.TestInvoker.runConfigMethods(TestInvoker.java:823)
at org.testng.internal.invokers.TestInvoker.runAfterConfigurations(TestInvoker.java:792)
at org.testng.internal.invokers.TestInvoker.invokeMethod(TestInvoker.java:768)
at org.testng.internal.invokers.TestInvoker.invokeTestMethod(TestInvoker.java:221)
at org.testng.internal.invokers.MethodRunner.runInSequence(MethodRunner.java:50)
at org.testng.internal.invokers.TestInvoker$MethodInvocationAgent.invoke(TestInvoker.java:969)
at org.testng.internal.invokers.TestInvoker.invokeTestMethods(TestInvoker.java:194)
at org.testng.internal.invokers.TestMethodWorker.invokeTestMethods(TestMethodWorker.java:148)
at org.testng.internal.invokers.TestMethodWorker.run(TestMethodWorker.java:128)
at java.base/java.util.ArrayList.forEach(ArrayList.java:1511)
at org.testng.TestRunner.privateRun(TestRunner.java:829)
at org.testng.TestRunner.run(TestRunner.java:602)
at org.testng.SuiteRunner.runTest(SuiteRunner.java:437)
at org.testng.SuiteRunner.runSequentially(SuiteRunner.java:431)
at org.testng.SuiteRunner.privateRun(SuiteRunner.java:391)
at org.testng.SuiteRunner.run(SuiteRunner.java:330)
at org.testng.SuiteRunnerWorker.runSuite(SuiteRunnerWorker.java:52)
at org.testng.SuiteRunnerWorker.run(SuiteRunnerWorker.java:95)
at org.testng.TestNG.runSuitesSequentially(TestNG.java:1256)
at org.testng.TestNG.runSuitesLocally(TestNG.java:1176)
at org.testng.TestNG.runSuites(TestNG.java:1099)
at org.testng.TestNG.run(TestNG.java:1067)
at org.testng.remote.AbstractRemoteTestNG.run(AbstractRemoteTestNG.java:115)
at org.testng.remote.RemoteTestNG.initAndRun(RemoteTestNG.java:251)
at org.testng.remote.RemoteTestNG.main(RemoteTestNG.java:77)
]]>
    </error>
  </testcase> <!-- capture -->
  <system-out/>
  <testcase classname="regression.PidsRegressionSuite2" name="loginPIDS" time="0.000">
    <skipped/>
  </testcase> <!-- loginPIDS -->
  <system-out/>
  <testcase classname="regression.PidsRegressionSuite2" name="openUserManagement" time="0.000">
    <skipped/>
  </testcase> <!-- openUserManagement -->
  <system-out/>
  <testcase classname="regression.PidsRegressionSuite2" name="createUser" time="0.000">
    <skipped/>
  </testcase> <!-- createUser -->
  <system-out/>
  <testcase classname="regression.PidsRegressionSuite2" name="searchUser" time="0.000">
    <skipped/>
  </testcase> <!-- searchUser -->
  <system-out/>
  <testcase classname="regression.PidsRegressionSuite2" name="updateUser" time="0.000">
    <skipped/>
  </testcase> <!-- updateUser -->
  <system-out/>
  <testcase classname="regression.PidsRegressionSuite2" name="openRoleManagement" time="0.000">
    <skipped/>
  </testcase> <!-- openRoleManagement -->
  <system-out/>
  <testcase classname="regression.PidsRegressionSuite2" name="createRole" time="0.000">
    <skipped/>
  </testcase> <!-- createRole -->
  <system-out/>
  <testcase classname="regression.PidsRegressionSuite2" name="clearCache" time="0.000">
    <skipped/>
  </testcase> <!-- clearCache -->
  <system-out/>
  <testcase classname="regression.PidsRegressionSuite2" name="searchRole" time="0.000">
    <skipped/>
  </testcase> <!-- searchRole -->
  <system-out/>
  <testcase classname="regression.PidsRegressionSuite2" name="updatehRole" time="0.000">
    <skipped/>
  </testcase> <!-- updatehRole -->
  <system-out/>
  <testcase classname="regression.PidsRegressionSuite2" name="launchUserAssignment" time="0.000">
    <skipped/>
  </testcase> <!-- launchUserAssignment -->
  <system-out/>
  <testcase classname="regression.PidsRegressionSuite2" name="assignUser" time="0.000">
    <skipped/>
  </testcase> <!-- assignUser -->
  <system-out/>
  <testcase classname="regression.PidsRegressionSuite2" name="createPrison" time="0.000">
    <skipped/>
  </testcase> <!-- createPrison -->
  <system-out/>
  <testcase classname="regression.PidsRegressionSuite2" name="searchPrison" time="0.001">
    <skipped/>
  </testcase> <!-- searchPrison -->
  <system-out/>
  <testcase classname="regression.PidsRegressionSuite2" name="updatePrison" time="0.000">
    <skipped/>
  </testcase> <!-- updatePrison -->
  <system-out/>
  <testcase classname="regression.PidsRegressionSuite2" name="createLookup" time="0.000">
    <skipped/>
  </testcase> <!-- createLookup -->
  <system-out/>
  <testcase classname="regression.PidsRegressionSuite2" name="searchLookup" time="0.000">
    <skipped/>
  </testcase> <!-- searchLookup -->
  <system-out/>
  <testcase classname="regression.PidsRegressionSuite2" name="updateLookup" time="0.000">
    <skipped/>
  </testcase> <!-- updateLookup -->
  <system-out/>
  <testcase classname="regression.PidsRegressionSuite2" name="openSearch" time="0.000">
    <skipped/>
  </testcase> <!-- openSearch -->
  <system-out/>
  <testcase classname="regression.PidsRegressionSuite2" name="seachByPrisonerID" time="0.000">
    <skipped/>
  </testcase> <!-- seachByPrisonerID -->
  <system-out/>
  <testcase classname="regression.PidsRegressionSuite2" name="seachByPrisonerName" time="0.000">
    <skipped/>
  </testcase> <!-- seachByPrisonerName -->
  <system-out/>
  <testcase classname="regression.PidsRegressionSuite2" name="seachByNID" time="0.000">
    <skipped/>
  </testcase> <!-- seachByNID -->
  <system-out/>
  <testcase classname="regression.PidsRegressionSuite2" name="seachByCaseNo" time="0.000">
    <skipped/>
  </testcase> <!-- seachByCaseNo -->
  <system-out/>
  <testcase classname="regression.PidsRegressionSuite2" name="advancedSearch" time="0.000">
    <skipped/>
  </testcase> <!-- advancedSearch -->
  <system-out/>
  <testcase classname="regression.PidsRegressionSuite2" name="openAFIS" time="0.000">
    <skipped/>
  </testcase> <!-- openAFIS -->
  <system-out/>
  <testcase classname="regression.PidsRegressionSuite2" name="matchVerifiedAFIS" time="0.000">
    <skipped/>
  </testcase> <!-- matchVerifiedAFIS -->
  <system-out/>
  <testcase classname="regression.PidsRegressionSuite2" name="matchClearAFIS" time="0.000">
    <skipped/>
  </testcase> <!-- matchClearAFIS -->
  <system-out/>
  <testcase classname="regression.PidsRegressionSuite2" name="viewFingerPrints" time="0.000">
    <skipped/>
  </testcase> <!-- viewFingerPrints -->
  <system-out>
    <![CDATA[PASSED TEST CASES
launchPIDS
FAILED TEST CASES
launchPIDS
loginPIDS
openUserManagement
Test completed on: Thu Feb 02 13:47:21 BDT 2023]]>
  </system-out>
</testsuite> <!-- regression.PidsRegressionSuite2 -->
